<?xml version="1.0" encoding="UTF-8"?>
<!-- Generated by org.testng.reporters.JUnitXMLReporter -->
<testsuite hostname="DESKTOP-F9KHF51" ignored="0" name="HybridFrameworkTest" tests="5" failures="0" timestamp="2022-04-04T19:25:46 IST" time="35.909" errors="0">
  <testcase name="doLoginTest" time="9.254" classname="com.qa.linkedin.testcases.SearchDataDrivenTest"/>
  <testcase name="dosearchPeopleTest" time="6.372" classname="com.qa.linkedin.testcases.SearchDataDrivenTest"/>
  <testcase name="dosearchPeopleTest" time="6.281" classname="com.qa.linkedin.testcases.SearchDataDrivenTest"/>
  <testcase name="dosearchPeopleTest" time="6.374" classname="com.qa.linkedin.testcases.SearchDataDrivenTest"/>
  <testcase name="dosearchPeopleTest" time="6.563" classname="com.qa.linkedin.testcases.SearchDataDrivenTest"/>
</testsuite> <!-- HybridFrameworkTest -->
