<?xml version="1.0" encoding="UTF-8"?>
<testng-results skipped="0" failed="0" ignored="0" total="5" passed="5">
  <reporter-output>
  </reporter-output>
  <suite name="HybridFrameworkSuite" duration-ms="35909" started-at="2022-04-04T19:25:09 IST" finished-at="2022-04-04T19:25:45 IST">
    <groups>
    </groups>
    <test name="HybridFrameworkTest" duration-ms="35909" started-at="2022-04-04T19:25:09 IST" finished-at="2022-04-04T19:25:45 IST">
      <class name="com.qa.linkedin.testcases.SearchDataDrivenTest">
        <test-method status="PASS" signature="setup()[pri:0, instance:com.qa.linkedin.testcases.SearchDataDrivenTest@327b636c]" name="setup" is-config="true" duration-ms="4092" started-at="2022-04-04T19:25:05 IST" finished-at="2022-04-04T19:25:09 IST">
          <reporter-output>
          </reporter-output>
        </test-method> <!-- setup -->
        <test-method status="PASS" signature="initializeObjects()[pri:0, instance:com.qa.linkedin.testcases.SearchDataDrivenTest@327b636c]" name="initializeObjects" is-config="true" duration-ms="53" started-at="2022-04-04T19:25:09 IST" finished-at="2022-04-04T19:25:09 IST">
          <reporter-output>
          </reporter-output>
        </test-method> <!-- initializeObjects -->
        <test-method status="PASS" signature="doLoginTest()[pri:1, instance:com.qa.linkedin.testcases.SearchDataDrivenTest@327b636c]" name="doLoginTest" duration-ms="9254" started-at="2022-04-04T19:25:09 IST" finished-at="2022-04-04T19:25:19 IST">
          <reporter-output>
          </reporter-output>
        </test-method> <!-- doLoginTest -->
        <test-method status="PASS" signature="dosearchPeopleTest(java.lang.String)[pri:2, instance:com.qa.linkedin.testcases.SearchDataDrivenTest@327b636c]" name="dosearchPeopleTest" duration-ms="6372" started-at="2022-04-04T19:25:19 IST" data-provider="dp" finished-at="2022-04-04T19:25:26 IST">
          <params>
            <param index="0">
              <value>
                <![CDATA[Sridevi]]>
              </value>
            </param>
          </params>
          <reporter-output>
          </reporter-output>
        </test-method> <!-- dosearchPeopleTest -->
        <test-method status="PASS" signature="dosearchPeopleTest(java.lang.String)[pri:2, instance:com.qa.linkedin.testcases.SearchDataDrivenTest@327b636c]" name="dosearchPeopleTest" duration-ms="6281" started-at="2022-04-04T19:25:26 IST" data-provider="dp" finished-at="2022-04-04T19:25:32 IST">
          <params>
            <param index="0">
              <value>
                <![CDATA[Muniraj]]>
              </value>
            </param>
          </params>
          <reporter-output>
          </reporter-output>
        </test-method> <!-- dosearchPeopleTest -->
        <test-method status="PASS" signature="dosearchPeopleTest(java.lang.String)[pri:2, instance:com.qa.linkedin.testcases.SearchDataDrivenTest@327b636c]" name="dosearchPeopleTest" duration-ms="6374" started-at="2022-04-04T19:25:32 IST" data-provider="dp" finished-at="2022-04-04T19:25:38 IST">
          <params>
            <param index="0">
              <value>
                <![CDATA[Sathvik]]>
              </value>
            </param>
          </params>
          <reporter-output>
          </reporter-output>
        </test-method> <!-- dosearchPeopleTest -->
        <test-method status="PASS" signature="dosearchPeopleTest(java.lang.String)[pri:2, instance:com.qa.linkedin.testcases.SearchDataDrivenTest@327b636c]" name="dosearchPeopleTest" duration-ms="6563" started-at="2022-04-04T19:25:38 IST" data-provider="dp" finished-at="2022-04-04T19:25:45 IST">
          <params>
            <param index="0">
              <value>
                <![CDATA[sagar]]>
              </value>
            </param>
          </params>
          <reporter-output>
          </reporter-output>
        </test-method> <!-- dosearchPeopleTest -->
        <test-method status="PASS" signature="logoutTest()[pri:0, instance:com.qa.linkedin.testcases.SearchDataDrivenTest@327b636c]" name="logoutTest" is-config="true" duration-ms="342" started-at="2022-04-04T19:25:45 IST" finished-at="2022-04-04T19:25:45 IST">
          <reporter-output>
          </reporter-output>
        </test-method> <!-- logoutTest -->
        <test-method status="PASS" signature="afterClass()[pri:0, instance:com.qa.linkedin.testcases.SearchDataDrivenTest@327b636c]" name="afterClass" is-config="true" duration-ms="717" started-at="2022-04-04T19:25:46 IST" finished-at="2022-04-04T19:25:46 IST">
          <reporter-output>
          </reporter-output>
        </test-method> <!-- afterClass -->
      </class> <!-- com.qa.linkedin.testcases.SearchDataDrivenTest -->
    </test> <!-- HybridFrameworkTest -->
  </suite> <!-- HybridFrameworkSuite -->
</testng-results>
