<?xml version="1.0" encoding="UTF-8"?>
<!-- Generated by org.testng.reporters.JUnitXMLReporter -->
<testsuite hostname="DESKTOP-F9KHF51" ignored="0" name="HybridTest" tests="5" failures="0" timestamp="2022-03-30T19:41:29 IST" time="1.671" errors="0">
  <testcase name="@BeforeSuite setup" time="-1.64864948815E9" classname="com.qa.linkedin.base.TestBase">
    <failure type="org.testng.TestNGException" message="
Can inject only one of &amp;lt;ITestContext, XmlTest&amp;gt; into a @BeforeSuite annotated setup.
For more information on native dependency injection please refer to https://testng.org/doc/documentation-main.html#native-dependency-injection">
      <![CDATA[org.testng.TestNGException: 
Can inject only one of <ITestContext, XmlTest> into a @BeforeSuite annotated setup.
For more information on native dependency injection please refer to https://testng.org/doc/documentation-main.html#native-dependency-injection
... Removed 16 stack frames]]>
    </failure>
  </testcase> <!-- @BeforeSuite setup -->
  <testcase name="@BeforeClass initializeObjects" time="-1.648649488205E9" classname="com.qa.linkedin.testcases.SearchDataDrivenTest">
    <skipped/>
  </testcase> <!-- @BeforeClass initializeObjects -->
  <testcase name="@AfterClass logoutTest" time="-1.648649489839E9" classname="com.qa.linkedin.testcases.SearchDataDrivenTest">
    <skipped/>
  </testcase> <!-- @AfterClass logoutTest -->
  <testcase name="doLoginTest" time="0.0" classname="com.qa.linkedin.testcases.SearchDataDrivenTest">
    <skipped/>
  </testcase> <!-- doLoginTest -->
  <testcase name="dosearchPeopleTest" time="0.0" classname="com.qa.linkedin.testcases.SearchDataDrivenTest">
    <skipped/>
  </testcase> <!-- dosearchPeopleTest -->
  <testcase name="dosearchPeopleTest" time="0.0" classname="com.qa.linkedin.testcases.SearchDataDrivenTest">
    <skipped/>
  </testcase> <!-- dosearchPeopleTest -->
  <testcase name="dosearchPeopleTest" time="0.0" classname="com.qa.linkedin.testcases.SearchDataDrivenTest">
    <skipped/>
  </testcase> <!-- dosearchPeopleTest -->
  <testcase name="dosearchPeopleTest" time="0.0" classname="com.qa.linkedin.testcases.SearchDataDrivenTest">
    <skipped/>
  </testcase> <!-- dosearchPeopleTest -->
</testsuite> <!-- HybridTest -->
